<?xml version="1.0" encoding="UTF-8"?>
<!-- Generated by org.testng.reporters.JUnitReportReporter -->
<testsuite hostname="Naveens-MacBook-Air.local" failures="0" tests="1" name="com.test.odoo.AppTest" time="12.641" errors="0" timestamp="2022-11-26T15:08:17 IST" skipped="0">
  <testcase classname="com.test.odoo.AppTest" name="test" time="12.641"/>
  <system-out/>
</testsuite> <!-- com.test.odoo.AppTest -->
