<?xml version="1.0" encoding="UTF-8"?>
<!-- Generated by org.testng.reporters.JUnitReportReporter -->
<testsuite hostname="Naveens-MacBook-Air.local" failures="0" tests="1" name="com.test.odoo.TestOdoo" time="26.763" errors="0" timestamp="2022-11-27T13:09:45 IST" skipped="0">
  <testcase classname="com.test.odoo.TestOdoo" name="test" time="26.763"/>
  <system-out/>
</testsuite> <!-- com.test.odoo.TestOdoo -->
